<?xml version="1.0" encoding="UTF-8" ?>
<testsuite tests="18" failures="0" name="edu.neu.ccs.cs5004.InventoryTest" time="0.005" errors="0" skipped="0">
  <properties>
    <property name="idea.version" value="2017.2.4"/>
    <property name="java.runtime.name" value="OpenJDK Runtime Environment"/>
    <property name="sun.boot.library.path" value="/usr/lib/jvm/java-8-openjdk-amd64/jre/lib/amd64"/>
    <property name="java.vm.version" value="25.171-b11"/>
    <property name="awt.useSystemAAFontSettings" value="gasp"/>
    <property name="java.vm.vendor" value="Oracle Corporation"/>
    <property name="maven.multiModuleProjectDirectory" value="/home/alfred/Desktop/cs5004/Team_repo_Nuozhou_Shen_Zhenhui/Assignment7"/>
    <property name="java.vendor.url" value="http://java.oracle.com/"/>
    <property name="path.separator" value=":"/>
    <property name="guice.disable.misplaced.annotation.check" value="true"/>
    <property name="java.vm.name" value="OpenJDK 64-Bit Server VM"/>
    <property name="file.encoding.pkg" value="sun.io"/>
    <property name="user.country" value="US"/>
    <property name="sun.java.launcher" value="SUN_STANDARD"/>
    <property name="sun.os.patch.level" value="unknown"/>
    <property name="java.vm.specification.name" value="Java Virtual Machine Specification"/>
    <property name="user.dir" value="/home/alfred/Desktop/cs5004/Team_repo_Nuozhou_Shen_Zhenhui/Assignment7"/>
    <property name="java.runtime.version" value="1.8.0_171-8u171-b11-2-b11"/>
    <property name="java.awt.graphicsenv" value="sun.awt.X11GraphicsEnvironment"/>
    <property name="java.endorsed.dirs" value="/usr/lib/jvm/java-8-openjdk-amd64/jre/lib/endorsed"/>
    <property name="os.arch" value="amd64"/>
    <property name="java.io.tmpdir" value="/tmp"/>
    <property name="line.separator" value="
"/>
    <property name="java.vm.specification.vendor" value="Oracle Corporation"/>
    <property name="os.name" value="Linux"/>
    <property name="classworlds.conf" value="/opt/idea/plugins/maven/lib/maven3/bin/m2.conf"/>
    <property name="sun.jnu.encoding" value="UTF-8"/>
    <property name="java.library.path" value="/opt/idea/bin::/usr/java/packages/lib/amd64:/usr/lib/x86_64-linux-gnu/jni:/lib/x86_64-linux-gnu:/usr/lib/x86_64-linux-gnu:/usr/lib/jni:/lib:/usr/lib"/>
    <property name="java.specification.name" value="Java Platform API Specification"/>
    <property name="java.class.version" value="52.0"/>
    <property name="sun.management.compiler" value="HotSpot 64-Bit Tiered Compilers"/>
    <property name="os.version" value="4.15.0-29deepin-generic"/>
    <property name="user.home" value="/home/alfred"/>
    <property name="user.timezone" value="America/Los_Angeles"/>
    <property name="java.awt.printerjob" value="sun.print.PSPrinterJob"/>
    <property name="java.specification.version" value="1.8"/>
    <property name="file.encoding" value="UTF-8"/>
    <property name="user.name" value="alfred"/>
    <property name="java.class.path" value="/opt/idea/plugins/maven/lib/maven3/boot/plexus-classworlds-2.5.2.jar:/opt/idea/lib/idea_rt.jar"/>
    <property name="java.vm.specification.version" value="1.8"/>
    <property name="sun.arch.data.model" value="64"/>
    <property name="java.home" value="/usr/lib/jvm/java-8-openjdk-amd64/jre"/>
    <property name="sun.java.command" value="org.codehaus.classworlds.Launcher -Didea.version=2017.2.4 clean test site"/>
    <property name="java.specification.vendor" value="Oracle Corporation"/>
    <property name="user.language" value="en"/>
    <property name="awt.toolkit" value="sun.awt.X11.XToolkit"/>
    <property name="java.vm.info" value="mixed mode"/>
    <property name="java.version" value="1.8.0_171"/>
    <property name="java.ext.dirs" value="/usr/lib/jvm/java-8-openjdk-amd64/jre/lib/ext:/usr/java/packages/lib/ext"/>
    <property name="securerandom.source" value="file:/dev/./urandom"/>
    <property name="sun.boot.class.path" value="/usr/lib/jvm/java-8-openjdk-amd64/jre/lib/resources.jar:/usr/lib/jvm/java-8-openjdk-amd64/jre/lib/rt.jar:/usr/lib/jvm/java-8-openjdk-amd64/jre/lib/sunrsasign.jar:/usr/lib/jvm/java-8-openjdk-amd64/jre/lib/jsse.jar:/usr/lib/jvm/java-8-openjdk-amd64/jre/lib/jce.jar:/usr/lib/jvm/java-8-openjdk-amd64/jre/lib/charsets.jar:/usr/lib/jvm/java-8-openjdk-amd64/jre/lib/jfr.jar:/usr/lib/jvm/java-8-openjdk-amd64/jre/classes"/>
    <property name="java.vendor" value="Oracle Corporation"/>
    <property name="maven.home" value="/opt/idea/plugins/maven/lib/maven3"/>
    <property name="file.separator" value="/"/>
    <property name="java.vendor.url.bug" value="http://bugreport.sun.com/bugreport/"/>
    <property name="sun.cpu.endian" value="little"/>
    <property name="sun.io.unicode.encoding" value="UnicodeLittle"/>
    <property name="sun.desktop" value="gnome"/>
    <property name="sun.cpu.isalist" value=""/>
  </properties>
  <testcase classname="edu.neu.ccs.cs5004.InventoryTest" name="getRetailValue" time="0"/>
  <testcase classname="edu.neu.ccs.cs5004.InventoryTest" name="addNewShampoo" time="0"/>
  <testcase classname="edu.neu.ccs.cs5004.InventoryTest" name="isInStockGroceryStockItem" time="0"/>
  <testcase classname="edu.neu.ccs.cs5004.InventoryTest" name="addNewCheese" time="0"/>
  <testcase classname="edu.neu.ccs.cs5004.InventoryTest" name="isInStockGroceryShoppingCartItem" time="0"/>
  <testcase classname="edu.neu.ccs.cs5004.InventoryTest" name="addNewSalmon" time="0"/>
  <testcase classname="edu.neu.ccs.cs5004.InventoryTest" name="updateStockGrocery" time="0"/>
  <testcase classname="edu.neu.ccs.cs5004.InventoryTest" name="addNewBeer" time="0"/>
  <testcase classname="edu.neu.ccs.cs5004.InventoryTest" name="updateStockHousehold" time="0"/>
  <testcase classname="edu.neu.ccs.cs5004.InventoryTest" name="notInStockGroceryShoppingCartItem" time="0"/>
  <testcase classname="edu.neu.ccs.cs5004.InventoryTest" name="notInStockHouseholdItem" time="0"/>
  <testcase classname="edu.neu.ccs.cs5004.InventoryTest" name="getHouseholdStock" time="0.005"/>
  <testcase classname="edu.neu.ccs.cs5004.InventoryTest" name="isInStockHouseholdShoppingCartItem" time="0"/>
  <testcase classname="edu.neu.ccs.cs5004.InventoryTest" name="notInStockGroceryItem" time="0"/>
  <testcase classname="edu.neu.ccs.cs5004.InventoryTest" name="notInStockHouseholdShoppingCartItem" time="0"/>
  <testcase classname="edu.neu.ccs.cs5004.InventoryTest" name="addNewPaperTowel" time="0"/>
  <testcase classname="edu.neu.ccs.cs5004.InventoryTest" name="isInStockHouseholdStockItem" time="0"/>
  <testcase classname="edu.neu.ccs.cs5004.InventoryTest" name="getGroceryStock" time="0"/>
</testsuite>